10/24/2020 21:50:39-DEBUG:starting ...
10/24/2020 21:50:39-WARNING:====CONNECT===
10/24/2020 21:50:39-DEBUG:sending b'AT\r'
10/24/2020 21:50:39-WARNING:OK
10/24/2020 21:50:39-DEBUG:sending b'AT\r'
10/24/2020 21:50:39-WARNING:OK
10/24/2020 21:50:39-DEBUG:sending b'AT\r'
10/24/2020 21:50:39-WARNING:OK
10/24/2020 21:50:39-DEBUG:sending b'AT+CPIN?\r'
10/24/2020 21:50:39-WARNING:OK
10/24/2020 21:50:40-DEBUG:sending b'AT+CSQ\r'
10/24/2020 21:50:40-WARNING:OK
10/24/2020 21:50:40-DEBUG:sending b'AT+COPS?\r'
10/24/2020 21:50:40-WARNING:OK
10/24/2020 21:50:40-DEBUG:sending b'AT+CGNAPN\r'
10/24/2020 21:50:40-WARNING:OK
10/24/2020 21:50:40-DEBUG:sending b'AT+CNACT=0,1\r'
10/24/2020 21:50:40-WARNING:OK
10/24/2020 21:50:40-DEBUG:sending b'AT+CNACT?\r'
10/24/2020 21:50:40-WARNING:OK
10/24/2020 21:50:41-WARNING:====CONNECT===
10/24/2020 21:50:41-DEBUG:sending b'AT\r'
10/24/2020 21:50:41-WARNING:OK
10/24/2020 21:50:41-DEBUG:sending b'AT\r'
10/24/2020 21:50:41-WARNING:OK
10/24/2020 21:50:41-DEBUG:sending b'AT\r'
10/24/2020 21:50:41-WARNING:OK
10/24/2020 21:50:41-DEBUG:sending b'AT+CPIN?\r'
10/24/2020 21:50:41-WARNING:OK
10/24/2020 21:50:41-DEBUG:sending b'AT+CSQ\r'
10/24/2020 21:50:41-WARNING:OK
10/24/2020 21:50:41-DEBUG:sending b'AT+COPS?\r'
10/24/2020 21:50:41-WARNING:OK
10/24/2020 21:50:41-DEBUG:sending b'AT+CGNAPN\r'
10/24/2020 21:50:41-WARNING:OK
10/24/2020 21:50:41-DEBUG:sending b'AT+CNACT=0,1\r'
10/24/2020 21:50:41-WARNING:OK
10/24/2020 21:50:41-DEBUG:sending b'AT+CNACT?\r'
10/24/2020 21:50:41-WARNING:OK
10/24/2020 21:50:42-WARNING:====CONNECT===
10/24/2020 21:50:42-DEBUG:sending b'AT\r'
10/24/2020 21:50:42-WARNING:OK
10/24/2020 21:50:42-DEBUG:sending b'AT\r'
10/24/2020 21:50:42-WARNING:OK
10/24/2020 21:50:42-DEBUG:sending b'AT\r'
10/24/2020 21:50:42-WARNING:OK
10/24/2020 21:50:42-DEBUG:sending b'AT+CPIN?\r'
10/24/2020 21:50:42-WARNING:OK
10/24/2020 21:50:42-DEBUG:sending b'AT+CSQ\r'
10/24/2020 21:50:42-WARNING:OK
10/24/2020 21:50:42-DEBUG:sending b'AT+COPS?\r'
10/24/2020 21:50:42-WARNING:OK
10/24/2020 21:50:42-DEBUG:sending b'AT+CGNAPN\r'
10/24/2020 21:50:42-WARNING:OK
10/24/2020 21:50:42-DEBUG:sending b'AT+CNACT=0,1\r'
10/24/2020 21:50:42-WARNING:OK
10/24/2020 21:50:42-DEBUG:sending b'AT+CNACT?\r'
10/24/2020 21:50:42-WARNING:OK
10/24/2020 21:50:43-WARNING:====CONNECT===
10/24/2020 21:50:43-DEBUG:sending b'AT\r'
10/24/2020 21:50:43-WARNING:OK
10/24/2020 21:50:43-DEBUG:sending b'AT\r'
10/24/2020 21:50:43-WARNING:OK
10/24/2020 21:50:43-DEBUG:sending b'AT\r'
10/24/2020 21:50:43-WARNING:OK
10/24/2020 21:50:43-DEBUG:sending b'AT+CPIN?\r'
10/24/2020 21:50:43-WARNING:OK
10/24/2020 21:50:43-DEBUG:sending b'AT+CSQ\r'
10/24/2020 21:50:43-WARNING:OK
10/24/2020 21:50:43-DEBUG:sending b'AT+COPS?\r'
10/24/2020 21:50:43-WARNING:OK
10/24/2020 21:50:43-DEBUG:sending b'AT+CGNAPN\r'
10/24/2020 21:50:43-WARNING:OK
10/24/2020 21:50:43-DEBUG:sending b'AT+CNACT=0,1\r'
10/24/2020 21:50:43-WARNING:OK
10/24/2020 21:50:43-DEBUG:sending b'AT+CNACT?\r'
10/24/2020 21:50:43-WARNING:OK
10/24/2020 21:50:44-WARNING:====CONNECT===
10/24/2020 21:50:44-DEBUG:sending b'AT\r'
10/24/2020 21:50:44-WARNING:OK
10/24/2020 21:50:44-DEBUG:sending b'AT\r'
10/24/2020 21:50:44-WARNING:OK
10/24/2020 21:50:44-DEBUG:sending b'AT\r'
10/24/2020 21:50:44-WARNING:OK
10/24/2020 21:50:44-DEBUG:sending b'AT+CPIN?\r'
10/24/2020 21:50:44-WARNING:OK
10/24/2020 21:50:44-DEBUG:sending b'AT+CSQ\r'
10/24/2020 21:50:44-WARNING:OK
10/24/2020 21:50:44-DEBUG:sending b'AT+COPS?\r'
10/24/2020 21:50:44-WARNING:OK
10/24/2020 21:50:44-DEBUG:sending b'AT+CGNAPN\r'
10/24/2020 21:50:44-WARNING:OK
10/24/2020 21:50:44-DEBUG:sending b'AT+CNACT=0,1\r'
10/24/2020 21:50:44-WARNING:OK
10/24/2020 21:50:44-DEBUG:sending b'AT+CNACT?\r'
10/24/2020 21:50:44-WARNING:OK
10/24/2020 21:50:45-DEBUG:Tx thread stopped
10/24/2020 21:50:45-DEBUG:Rx thread stopped
